#
# There is insufficient memory for the Java Runtime Environment to continue.
# Native memory allocation (malloc) failed to allocate 524304 bytes for Chunk::new
# Possible reasons:
#   The system is out of physical RAM or swap space
#   In 32 bit mode, the process size limit was hit
# Possible solutions:
#   Reduce memory load on the system
#   Increase physical memory or swap space
#   Check if swap backing store is full
#   Use 64 bit Java on a 64 bit OS
#   Decrease Java heap size (-Xmx/-Xms)
#   Decrease number of Java threads
#   Decrease Java thread stack sizes (-Xss)
#   Set larger code cache with -XX:ReservedCodeCacheSize=
# This output file may be truncated or incomplete.
#
#  Out of Memory Error (allocation.cpp:390), pid=10640, tid=13632
#
# JRE version: Java(TM) SE Runtime Environment (8.0_65-b17) (build 1.8.0_65-b17)
# Java VM: Java HotSpot(TM) 64-Bit Server VM (25.65-b01 mixed mode windows-amd64 compressed oops)
# Failed to write core dump. Minidumps are not enabled by default on client versions of Windows
#

---------------  T H R E A D  ---------------

Current thread (0x00000000169cd000):  JavaThread "C2 CompilerThread0" daemon [_thread_in_native, id=13632, stack(0x0000000017f30000,0x0000000018030000)]

Stack: [0x0000000017f30000,0x0000000018030000]
[error occurred during error reporting (printing stack bounds), id 0xc0000005]

Native frames: (J=compiled Java code, j=interpreted, Vv=VM code, C=native code)


Current CompileTask:
C2:  84926 1672       4       java.net.URLClassLoader$1::run (5 bytes)


---------------  P R O C E S S  ---------------

Java Threads: ( => current thread )
  0x0000000018268800 JavaThread "Service Thread" daemon [_thread_blocked, id=14232, stack(0x0000000018630000,0x0000000018730000)]
  0x00000000169d4000 JavaThread "C1 CompilerThread2" daemon [_thread_blocked, id=17260, stack(0x0000000018130000,0x0000000018230000)]
  0x00000000169d0000 JavaThread "C2 CompilerThread1" daemon [_thread_blocked, id=15936, stack(0x0000000018030000,0x0000000018130000)]
=>0x00000000169cd000 JavaThread "C2 CompilerThread0" daemon [_thread_in_native, id=13632, stack(0x0000000017f30000,0x0000000018030000)]
  0x00000000169cb000 JavaThread "Attach Listener" daemon [_thread_blocked, id=9384, stack(0x0000000017e30000,0x0000000017f30000)]
  0x00000000169ca000 JavaThread "Signal Dispatcher" daemon [_thread_blocked, id=11088, stack(0x0000000017d30000,0x0000000017e30000)]
  0x0000000001e96800 JavaThread "Finalizer" daemon [_thread_blocked, id=10780, stack(0x0000000017c30000,0x0000000017d30000)]
  0x0000000001e8e000 JavaThread "Reference Handler" daemon [_thread_blocked, id=8732, stack(0x0000000017b30000,0x0000000017c30000)]
  0x0000000001c9e000 JavaThread "main" [_thread_in_native, id=9668, stack(0x0000000001ca0000,0x0000000001da0000)]

Other Threads:
  0x0000000016997000 VMThread [stack: 0x0000000017a30000,0x0000000017b30000] [id=15348]
  0x0000000016a2e000 WatcherThread [stack: 0x0000000018730000,0x0000000018830000] [id=7556]

VM state:not at safepoint (normal execution)

VM Mutex/Monitor currently owned by a thread: None

Heap:
 PSYoungGen      total 38400K, used 26141K [0x00000000d5f00000, 0x00000000d8980000, 0x0000000100000000)
  eden space 33280K, 63% used [0x00000000d5f00000,0x00000000d738ed30,0x00000000d7f80000)
  from space 5120K, 99% used [0x00000000d8480000,0x00000000d8978ab8,0x00000000d8980000)
  to   space 5120K, 0% used [0x00000000d7f80000,0x00000000d7f80000,0x00000000d8480000)
 ParOldGen       total 87552K, used 1973K [0x0000000081c00000, 0x0000000087180000, 0x00000000d5f00000)
  object space 87552K, 2% used [0x0000000081c00000,0x0000000081ded6c8,0x0000000087180000)
 Metaspace       used 14479K, capacity 14678K, committed 14976K, reserved 1062912K
  class space    used 1801K, capacity 1873K, committed 1920K, reserved 1048576K

Card table byte_map: [0x0000000011260000,0x0000000011660000] byte_map_base: 0x0000000010e52000

Marking Bits: (ParMarkBitMap*) 0x0000000050c3a5b0
 Begin Bits: [0x0000000011d10000, 0x0000000013ca0000)
 End Bits:   [0x0000000013ca0000, 0x0000000015c30000)

Polling page: 0x0000000000300000

CodeCache: size=245760Kb used=6014Kb max_used=6026Kb free=239745Kb
 bounds [0x0000000001ea0000, 0x0000000002490000, 0x0000000010ea0000]
 total_blobs=2097 nmethods=1749 adapters=260
 compilation: enabled

Compilation events (10 events):
Event: 84.689 Thread 0x00000000169d4000 1745       3       sun.nio.cs.UTF_8$Decoder::decode (779 bytes)
Event: 84.691 Thread 0x00000000169d0000 1747       4       org.apache.maven.model.interpolation.StringSearchModelInterpolator$InterpolateObjectAction$StringField::doInterpolate (44 bytes)
Event: 84.693 Thread 0x00000000169d4000 nmethod 1745 0x0000000002471ed0 code [0x0000000002472500, 0x0000000002477298]
Event: 84.693 Thread 0x00000000169d4000 1746       3       sun.nio.cs.UTF_8$Decoder::decodeArrayLoop (691 bytes)
Event: 84.695 Thread 0x00000000169d0000 nmethod 1747 0x000000000246b8d0 code [0x000000000246ba60, 0x000000000246bf90]
Event: 84.697 Thread 0x00000000169d4000 nmethod 1746 0x000000000247c7d0 code [0x000000000247d120, 0x0000000002483948]
Event: 84.697 Thread 0x00000000169d4000 1748       3       java.util.regex.Pattern$LastNode::match (45 bytes)
Event: 84.697 Thread 0x00000000169d4000 nmethod 1748 0x000000000246b410 code [0x000000000246b580, 0x000000000246b7b0]
Event: 84.697 Thread 0x00000000169d4000 1749       1       org.apache.maven.model.Dependency::getScope (5 bytes)
Event: 84.697 Thread 0x00000000169d4000 nmethod 1749 0x0000000002465850 code [0x00000000024659a0, 0x0000000002465ab0]

GC Heap History (4 events):
Event: 83.600 GC heap before
{Heap before GC invocations=1 (full 0):
 PSYoungGen      total 38400K, used 33280K [0x00000000d5f00000, 0x00000000d8980000, 0x0000000100000000)
  eden space 33280K, 100% used [0x00000000d5f00000,0x00000000d7f80000,0x00000000d7f80000)
  from space 5120K, 0% used [0x00000000d8480000,0x00000000d8480000,0x00000000d8980000)
  to   space 5120K, 0% used [0x00000000d7f80000,0x00000000d7f80000,0x00000000d8480000)
 ParOldGen       total 87552K, used 0K [0x0000000081c00000, 0x0000000087180000, 0x00000000d5f00000)
  object space 87552K, 0% used [0x0000000081c00000,0x0000000081c00000,0x0000000087180000)
 Metaspace       used 8150K, capacity 8284K, committed 8576K, reserved 1056768K
  class space    used 1013K, capacity 1080K, committed 1152K, reserved 1048576K
Event: 83.605 GC heap after
Heap after GC invocations=1 (full 0):
 PSYoungGen      total 38400K, used 5117K [0x00000000d5f00000, 0x00000000d8980000, 0x0000000100000000)
  eden space 33280K, 0% used [0x00000000d5f00000,0x00000000d5f00000,0x00000000d7f80000)
  from space 5120K, 99% used [0x00000000d7f80000,0x00000000d847f7f0,0x00000000d8480000)
  to   space 5120K, 0% used [0x00000000d8480000,0x00000000d8480000,0x00000000d8980000)
 ParOldGen       total 87552K, used 37K [0x0000000081c00000, 0x0000000087180000, 0x00000000d5f00000)
  object space 87552K, 0% used [0x0000000081c00000,0x0000000081c09480,0x0000000087180000)
 Metaspace       used 8150K, capacity 8284K, committed 8576K, reserved 1056768K
  class space    used 1013K, capacity 1080K, committed 1152K, reserved 1048576K
}
Event: 83.997 GC heap before
{Heap before GC invocations=2 (full 0):
 PSYoungGen      total 38400K, used 38397K [0x00000000d5f00000, 0x00000000d8980000, 0x0000000100000000)
  eden space 33280K, 100% used [0x00000000d5f00000,0x00000000d7f80000,0x00000000d7f80000)
  from space 5120K, 99% used [0x00000000d7f80000,0x00000000d847f7f0,0x00000000d8480000)
  to   space 5120K, 0% used [0x00000000d8480000,0x00000000d8480000,0x00000000d8980000)
 ParOldGen       total 87552K, used 37K [0x0000000081c00000, 0x0000000087180000, 0x00000000d5f00000)
  object space 87552K, 0% used [0x0000000081c00000,0x0000000081c09480,0x0000000087180000)
 Metaspace       used 11904K, capacity 12072K, committed 12416K, reserved 1060864K
  class space    used 1499K, capacity 1572K, committed 1664K, reserved 1048576K
Event: 84.002 GC heap after
Heap after GC invocations=2 (full 0):
 PSYoungGen      total 38400K, used 5090K [0x00000000d5f00000, 0x00000000d8980000, 0x0000000100000000)
  eden space 33280K, 0% used [0x00000000d5f00000,0x00000000d5f00000,0x00000000d7f80000)
  from space 5120K, 99% used [0x00000000d8480000,0x00000000d8978ab8,0x00000000d8980000)
  to   space 5120K, 0% used [0x00000000d7f80000,0x00000000d7f80000,0x00000000d8480000)
 ParOldGen       total 87552K, used 1973K [0x0000000081c00000, 0x0000000087180000, 0x00000000d5f00000)
  object space 87552K, 2% used [0x0000000081c00000,0x0000000081ded6c8,0x0000000087180000)
 Metaspace       used 11904K, capacity 12072K, committed 12416K, reserved 1060864K
  class space    used 1499K, capacity 1572K, committed 1664K, reserved 1048576K
}

Deoptimization events (10 events):
Event: 83.628 Thread 0x0000000001c9e000 Uncommon trap: reason=unstable_if action=reinterpret pc=0x00000000020f3140 method=java.util.HashMap.getNode(ILjava/lang/Object;)Ljava/util/HashMap$Node; @ 129
Event: 83.637 Thread 0x0000000001c9e000 Uncommon trap: reason=range_check action=make_not_entrant pc=0x00000000021b9da0 method=sun.reflect.generics.parser.SignatureParser.current()C @ 34
Event: 84.233 Thread 0x0000000001c9e000 Uncommon trap: reason=unstable_if action=reinterpret pc=0x00000000021b0fc4 method=org.codehaus.plexus.util.xml.pull.MXParser.parseStartTag()I @ 443
Event: 84.327 Thread 0x0000000001c9e000 Uncommon trap: reason=unstable_if action=reinterpret pc=0x00000000020c6a90 method=java.lang.AbstractStringBuilder.append(Ljava/lang/String;)Ljava/lang/AbstractStringBuilder; @ 1
Event: 84.327 Thread 0x0000000001c9e000 Uncommon trap: reason=unstable_if action=reinterpret pc=0x0000000002089800 method=java.lang.AbstractStringBuilder.append(Ljava/lang/String;)Ljava/lang/AbstractStringBuilder; @ 1
Event: 84.354 Thread 0x0000000001c9e000 Uncommon trap: reason=unstable_if action=reinterpret pc=0x00000000020422c4 method=java.lang.String.replace(CC)Ljava/lang/String; @ 2
Event: 84.540 Thread 0x0000000001c9e000 Uncommon trap: reason=unstable_if action=reinterpret pc=0x000000000241da04 method=org.codehaus.plexus.util.xml.pull.MXParser.nextImpl()I @ 879
Event: 84.653 Thread 0x0000000001c9e000 Uncommon trap: reason=null_check action=make_not_entrant pc=0x0000000002463b08 method=org.apache.maven.model.io.xpp3.MavenXpp3ReaderEx.checkFieldWithDuplicate(Lorg/codehaus/plexus/util/xml/pull/XmlPullParser;Ljava/lang/String;Ljava/lang/String;Ljava/util/SÀ¿UÉ,U@
Event: 84.689 Thread 0x0000000001c9e000 Uncommon trap: reason=unstable_if action=reinterpret pc=0x00000000023c4ac8 method=sun.nio.cs.UTF_8$Decoder.decode([BII[C)I @ 30
Event: 84.689 Thread 0x0000000001c9e000 Uncommon trap: reason=unstable_if action=reinterpret pc=0x0000000002134624 method=sun.nio.cs.UTF_8$Decoder.decodeArrayLoop(Ljava/nio/ByteBuffer;Ljava/nio/CharBuffer;)Ljava/nio/charset/CoderResult; @ 84

Internal exceptions (10 events):
Event: 84.102 Thread 0x0000000001c9e000 Exception <a 'java/lang/NoClassDefFoundError': javax/annotation/Priority> (0x00000000d64553a8) thrown at [C:\workspace\8-2-build-windows-amd64-cygwin\jdk8u65\4987\hotspot\src\share\vm\classfile\systemDictionary.cpp, line 199]
Event: 84.292 Thread 0x0000000001c9e000 Exception <a 'java/lang/NullPointerException'> (0x00000000d6ace720) thrown at [C:\workspace\8-2-build-windows-amd64-cygwin\jdk8u65\4987\hotspot\src\share\vm\interpreter\linkResolver.cpp, line 1178]
Event: 84.292 Thread 0x0000000001c9e000 Exception <a 'java/lang/NullPointerException'> (0x00000000d6ace938) thrown at [C:\workspace\8-2-build-windows-amd64-cygwin\jdk8u65\4987\hotspot\src\share\vm\interpreter\linkResolver.cpp, line 1178]
Event: 84.292 Thread 0x0000000001c9e000 Exception <a 'java/lang/NullPointerException'> (0x00000000d6aceb50) thrown at [C:\workspace\8-2-build-windows-amd64-cygwin\jdk8u65\4987\hotspot\src\share\vm\interpreter\linkResolver.cpp, line 1178]
Event: 84.293 Thread 0x0000000001c9e000 Exception <a 'java/lang/NullPointerException'> (0x00000000d6ae4d30) thrown at [C:\workspace\8-2-build-windows-amd64-cygwin\jdk8u65\4987\hotspot\src\share\vm\interpreter\linkResolver.cpp, line 1178]
Event: 84.293 Thread 0x0000000001c9e000 Exception <a 'java/lang/NullPointerException'> (0x00000000d6ae4f48) thrown at [C:\workspace\8-2-build-windows-amd64-cygwin\jdk8u65\4987\hotspot\src\share\vm\interpreter\linkResolver.cpp, line 1178]
Event: 84.293 Thread 0x0000000001c9e000 Exception <a 'java/lang/NullPointerException'> (0x00000000d6ae5160) thrown at [C:\workspace\8-2-build-windows-amd64-cygwin\jdk8u65\4987\hotspot\src\share\vm\interpreter\linkResolver.cpp, line 1178]
Event: 84.327 Thread 0x0000000001c9e000 Implicit null exception at 0x00000000020c6756 to 0x00000000020c6a79
Event: 84.327 Thread 0x0000000001c9e000 Implicit null exception at 0x00000000020894d6 to 0x00000000020897e9
Event: 84.653 Thread 0x0000000001c9e000 Implicit null exception at 0x000000000246288d to 0x0000000002463af1

Events (10 events):
Event: 84.602 loading class org/apache/maven/model/Site done
Event: 84.653 Thread 0x0000000001c9e000 Uncommon trap: trap_request=0xfffffff4 fr.pc=0x0000000002463b08
Event: 84.653 Thread 0x0000000001c9e000 DEOPT PACKING pc=0x0000000002463b08 sp=0x0000000001d9d8e0
Event: 84.653 Thread 0x0000000001c9e000 DEOPT UNPACKING pc=0x0000000001ee582a sp=0x0000000001d9d8c0 mode 2
Event: 84.689 Thread 0x0000000001c9e000 Uncommon trap: trap_request=0xffffff65 fr.pc=0x00000000023c4ac8
Event: 84.689 Thread 0x0000000001c9e000 DEOPT PACKING pc=0x00000000023c4ac8 sp=0x0000000001d9d520
Event: 84.689 Thread 0x0000000001c9e000 DEOPT UNPACKING pc=0x0000000001ee582a sp=0x0000000001d9d478 mode 2
Event: 84.689 Thread 0x0000000001c9e000 Uncommon trap: trap_request=0xffffff65 fr.pc=0x0000000002134624
Event: 84.689 Thread 0x0000000001c9e000 DEOPT PACKING pc=0x0000000002134624 sp=0x0000000001d9d510
Event: 84.689 Thread 0x0000000001c9e000 DEOPT UNPACKING pc=0x0000000001ee582a sp=0x0000000001d9d458 mode 2


Dynamic libraries:
0x00007ff608690000 - 0x00007ff6086c7000 	C:\Program Files\Java\jdk1.8.0_65\bin\java.exe
0x00007ffabdd80000 - 0x00007ffabdf2d000 	C:\Windows\SYSTEM32\ntdll.dll
0x00007ffabba40000 - 0x00007ffabbb7a000 	C:\Windows\system32\KERNEL32.DLL
0x00007ffabb320000 - 0x00007ffabb435000 	C:\Windows\system32\KERNELBASE.dll
0x00007ffab9ad0000 - 0x00007ffab9b5e000 	C:\Windows\system32\apphelp.dll
0x00007ffa932f0000 - 0x00007ffa93343000 	C:\Windows\AppPatch\AppPatch64\AcGenral.DLL
0x00007ffabb5a0000 - 0x00007ffabb647000 	C:\Windows\system32\msvcrt.dll
0x00007ffabb2a0000 - 0x00007ffabb2ce000 	C:\Windows\system32\SspiCli.dll
0x00007ffabd6b0000 - 0x00007ffabd701000 	C:\Windows\system32\SHLWAPI.dll
0x00007ffabd320000 - 0x00007ffabd497000 	C:\Windows\system32\USER32.dll
0x00007ffabb650000 - 0x00007ffabb7e4000 	C:\Windows\system32\ole32.dll
0x00007ffabbcb0000 - 0x00007ffabd1d9000 	C:\Windows\system32\SHELL32.dll
0x00007ffaba4d0000 - 0x00007ffaba4ee000 	C:\Windows\SYSTEM32\USERENV.dll
0x00007ffabb440000 - 0x00007ffabb4ea000 	C:\Windows\system32\ADVAPI32.dll
0x00007ffaaf390000 - 0x00007ffaaf3ab000 	C:\Windows\SYSTEM32\MPR.dll
0x00007ffabd1e0000 - 0x00007ffabd320000 	C:\Windows\system32\RPCRT4.dll
0x00007ffabb7f0000 - 0x00007ffabb849000 	C:\Windows\SYSTEM32\sechost.dll
0x00007ffabd910000 - 0x00007ffabdb22000 	C:\Windows\SYSTEM32\combase.dll
0x00007ffabd4a0000 - 0x00007ffabd5eb000 	C:\Windows\system32\GDI32.dll
0x00007ffabaee0000 - 0x00007ffabaef4000 	C:\Windows\SYSTEM32\profapi.dll
0x00007ffab92f0000 - 0x00007ffab93a2000 	C:\Windows\SYSTEM32\SHCORE.dll
0x00007ffabd670000 - 0x00007ffabd6a4000 	C:\Windows\system32\IMM32.DLL
0x00007ffabd7b0000 - 0x00007ffabd902000 	C:\Windows\system32\MSCTF.dll
0x00007ffab7dc0000 - 0x00007ffab803b000 	C:\Windows\WinSxS\amd64_microsoft.windows.common-controls_6595b64144ccf1df_6.0.9600.18006_none_623f33d3ecbe86e8\COMCTL32.dll
0x0000000053160000 - 0x0000000053232000 	C:\Program Files\Java\jdk1.8.0_65\jre\bin\msvcr100.dll
0x0000000050430000 - 0x0000000050cb9000 	C:\Program Files\Java\jdk1.8.0_65\jre\bin\server\jvm.dll
0x00007ffab5090000 - 0x00007ffab5099000 	C:\Windows\SYSTEM32\WSOCK32.dll
0x00007ffaac920000 - 0x00007ffaac93f000 	C:\Windows\SYSTEM32\WINMM.dll
0x00007ffab6d10000 - 0x00007ffab6d1a000 	C:\Windows\SYSTEM32\VERSION.dll
0x00007ffabba30000 - 0x00007ffabba37000 	C:\Windows\system32\PSAPI.DLL
0x00007ffabd610000 - 0x00007ffabd66a000 	C:\Windows\system32\WS2_32.dll
0x00007ffaac8f0000 - 0x00007ffaac91a000 	C:\Windows\SYSTEM32\WINMMBASE.dll
0x00007ffabdb30000 - 0x00007ffabdb39000 	C:\Windows\system32\NSI.dll
0x00007ffabb2d0000 - 0x00007ffabb31a000 	C:\Windows\SYSTEM32\cfgmgr32.dll
0x00007ffab9d40000 - 0x00007ffab9d66000 	C:\Windows\SYSTEM32\DEVOBJ.dll
0x0000000050420000 - 0x000000005042f000 	C:\Program Files\Java\jdk1.8.0_65\jre\bin\verify.dll
0x00000000503f0000 - 0x0000000050419000 	C:\Program Files\Java\jdk1.8.0_65\jre\bin\java.dll
0x00000000503d0000 - 0x00000000503e6000 	C:\Program Files\Java\jdk1.8.0_65\jre\bin\zip.dll
0x00007ffab50c0000 - 0x00007ffab50ca000 	D:\sw\apache-maven-3.5.4\lib\jansi-native\windows64\jansi.dll
0x00000000503b0000 - 0x00000000503ca000 	C:\Program Files\Java\jdk1.8.0_65\jre\bin\net.dll
0x00007ffaba730000 - 0x00007ffaba789000 	C:\Windows\system32\mswsock.dll
0x0000000050390000 - 0x00000000503a1000 	C:\Program Files\Java\jdk1.8.0_65\jre\bin\nio.dll

VM Arguments:
jvm_args: -Dclassworlds.conf=D:\sw\apache-maven-3.5.4\bin\..\bin\m2.conf -Dmaven.home=D:\sw\apache-maven-3.5.4\bin\.. -Dlibrary.jansi.path=D:\sw\apache-maven-3.5.4\bin\..\lib\jansi-native -Dmaven.multiModuleProjectDirectory=D:\projects\odcameltraining\camel-example-spring-boot-rest-jpa-sql-post-gateway 
java_command: org.codehaus.plexus.classworlds.launcher.Launcher spring-boot:run -Dlog4j.debug
java_class_path (initial): D:\sw\apache-maven-3.5.4\bin\..\boot\plexus-classworlds-2.5.2.jar
Launcher Type: SUN_STANDARD

Environment Variables:
JAVA_HOME=C:\Program Files\Java\jdk1.8.0_65
PATH=D:\app\Training\product\11.2.0\dbhome_1\bin;C:\ProgramData\Oracle\Java\javapath;C:\Windows\system32;C:\Windows;C:\Windows\System32\Wbem;C:\Windows\System32\WindowsPowerShell\v1.0\;C:\Program Files\Java\jdk1.8.0_65/bin;C:\Program Files\Git\cmd;C:\Program Files\MySQL\MySQL Utilities 1.6\;C:\Users\Training\Desktop\apache-maven-3.5.0-bin\apache-maven-3.5.0\bin;C:\Program Files (x86)\Windows Kits\8.1\Windows Performance Toolkit\;C:\Program Files\nodejs\;C:\Program Files\PuTTY\;C:\Program Files\Amazon\AWSCLI\;C:\Program Files (x86)\Microsoft SQL Server\Client SDK\ODBC\130\Tools\Binn\;C:\Program Files (x86)\Microsoft SQL Server\140\Tools\Binn\;C:\Program Files (x86)\Microsoft SQL Server\140\DTS\Binn\;C:\Program Files (x86)\Microsoft SQL Server\140\Tools\Binn\ManagementStudio\;;C:\Program Files\Microsoft VS Code\bin;C:\Program Files\MongoDB\Server\3.4\bin;C:\Users\Training\AppData\Roaming\npm;D:\sw\apache-maven-3.5.4\bin
USERNAME=Training
OS=Windows_NT
PROCESSOR_IDENTIFIER=Intel64 Family 6 Model 42 Stepping 7, GenuineIntel



---------------  S Y S T E M  ---------------

OS: Windows 8.1 , 64 bit Build 9600 (6.3.9600.17056)

CPU:total 4 (4 cores per cpu, 1 threads per core) family 6 model 42 stepping 7, cmov, cx8, fxsr, mmx, sse, sse2, sse3, ssse3, sse4.1, sse4.2, popcnt, avx, aes, clmul, tsc, tscinvbit

Memory: 4k page, physical 8266688k(1021368k free), swap 33432512k(4832k free)

vm_info: Java HotSpot(TM) 64-Bit Server VM (25.65-b01) for windows-amd64 JRE (1.8.0_65-b17), built on Oct  6 2015 16:39:20 by "java_re" with MS VC++ 10.0 (VS2010)

time: Fri Aug 17 12:31:15 2018
elapsed time: 84 seconds (0d 0h 1m 24s)

